c:\users\fko2347078\documents\github\3dgeam\3dgame\x64\debug\vc143.pdb
c:\users\fko2347078\documents\github\3dgeam\3dgame\x64\debug\vc143.idb
c:\users\fko2347078\documents\github\3dgeam\3dgame\x64\debug\vec3.obj
c:\users\fko2347078\documents\github\3dgeam\3dgame\x64\debug\titlescene.obj
c:\users\fko2347078\documents\github\3dgeam\3dgame\x64\debug\soccerball.obj
c:\users\fko2347078\documents\github\3dgeam\3dgame\x64\debug\scenemanager.obj
c:\users\fko2347078\documents\github\3dgeam\3dgame\x64\debug\scene.obj
c:\users\fko2347078\documents\github\3dgeam\3dgame\x64\debug\rect.obj
c:\users\fko2347078\documents\github\3dgeam\3dgame\x64\debug\readcsv.obj
c:\users\fko2347078\documents\github\3dgeam\3dgame\x64\debug\pad.obj
c:\users\fko2347078\documents\github\3dgeam\3dgame\x64\debug\main.obj
c:\users\fko2347078\documents\github\3dgeam\3dgame\x64\debug\input.obj
c:\users\fko2347078\documents\github\3dgeam\3dgame\x64\debug\gameoverscene.obj
c:\users\fko2347078\documents\github\3dgeam\3dgame\x64\debug\clearscene.obj
c:\users\fko2347078\documents\github\3dgeam\3dgame\x64\debug\bg.obj
c:\users\fko2347078\documents\github\3dgeam\3dgame\x64\debug\scenemain.obj
c:\users\fko2347078\documents\github\3dgeam\3dgame\x64\debug\camera.obj
c:\users\fko2347078\documents\github\3dgeam\3dgame\x64\debug\3dgame.tlog\cl.command.1.tlog
c:\users\fko2347078\documents\github\3dgeam\3dgame\x64\debug\3dgame.tlog\cl.read.1.tlog
c:\users\fko2347078\documents\github\3dgeam\3dgame\x64\debug\3dgame.tlog\cl.write.1.tlog
