  Camera.cpp
C:\3DGEAM\3DGame\DataLoader.h(16,2): error C3511: 'DataLoader::Data': デリゲート コンストラクターの呼び出しだけをメンバー初期化子にする必要があります
C:\3DGEAM\3DGame\DataLoader.h(16,2): message : コンパイラでのこの診断により関数 'DataLoader::Data::Data(const DataLoader::Data &)' が生成されました。
C:\Program Files\Microsoft Visual Studio\2022\Community\VC\Tools\MSVC\14.34.31933\include\utility(175,5): message : 関数 'DataLoader::Data::Data(const DataLoader::Data &)' のリファレンスをご覧ください
C:\3DGEAM\3DGame\DataLoader.h(16,2): error C2665: 'DataLoader::Data::Data': オーバーロードされた関数ですべての引数の型を変換できませんでした
C:\3DGEAM\3DGame\DataLoader.h(16,2): message : 'DataLoader::Data::Data(DataLoader::Data &&)' の可能性があります
C:\3DGEAM\3DGame\DataLoader.h(16,2): message : 'DataLoader::Data::Data(DataLoader::Data &&)': 引数 1 を 'const std::vector<int,std::allocator<int>>' から 'DataLoader::Data &&' へ変換できません。
C:\3DGEAM\3DGame\DataLoader.h(16,2): message : 理由: 'const std::vector<int,std::allocator<int>>' から 'DataLoader::Data' へは変換できません。
C:\3DGEAM\3DGame\DataLoader.h(16,2): message : この変換を実行可能なユーザー定義変換演算子がないか、または演算子を呼び出せません。
C:\3DGEAM\3DGame\DataLoader.h(16,2): message : または 'DataLoader::Data::Data(const DataLoader::Data &)'
C:\3DGEAM\3DGame\DataLoader.h(16,2): message : 'DataLoader::Data::Data(const DataLoader::Data &)': 引数 1 を 'const std::vector<int,std::allocator<int>>' から 'const DataLoader::Data &' へ変換できません。
C:\3DGEAM\3DGame\DataLoader.h(16,2): message : 理由: 'const std::vector<int,std::allocator<int>>' から 'const DataLoader::Data' へは変換できません。
C:\3DGEAM\3DGame\DataLoader.h(16,2): message : この変換を実行可能なユーザー定義変換演算子がないか、または演算子を呼び出せません。
C:\3DGEAM\3DGame\DataLoader.h(16,2): message : 引数リスト '(const std::vector<int,std::allocator<int>>)' を一致させようとしているとき
C:\3DGEAM\3DGame\DataLoader.h(16,2): message : コンパイラでのこの診断により関数 'DataLoader::Data::Data(const DataLoader::Data &)' が生成されました。
C:\Program Files\Microsoft Visual Studio\2022\Community\VC\Tools\MSVC\14.34.31933\include\utility(175,5): message : 関数 'DataLoader::Data::Data(const DataLoader::Data &)' のリファレンスをご覧ください
C:\3DGEAM\3DGame\DataLoader.h(16,2): error C2437: 'startPos': 既に初期化されています
C:\3DGEAM\3DGame\DataLoader.h(16,2): message : コンパイラでのこの診断により関数 'DataLoader::Data::Data(const DataLoader::Data &)' が生成されました。
C:\Program Files\Microsoft Visual Studio\2022\Community\VC\Tools\MSVC\14.34.31933\include\utility(175,5): message : 関数 'DataLoader::Data::Data(const DataLoader::Data &)' のリファレンスをご覧ください
C:\3DGEAM\3DGame\DataLoader.h(16,2): error C2437: 'speed': 既に初期化されています
C:\3DGEAM\3DGame\DataLoader.h(16,2): message : コンパイラでのこの診断により関数 'DataLoader::Data::Data(const DataLoader::Data &)' が生成されました。
C:\Program Files\Microsoft Visual Studio\2022\Community\VC\Tools\MSVC\14.34.31933\include\utility(175,5): message : 関数 'DataLoader::Data::Data(const DataLoader::Data &)' のリファレンスをご覧ください
  DataLoader.cpp
C:\3DGEAM\3DGame\DataLoader.cpp(51,35): warning C4267: '初期化中': 'size_t' から 'int' に変換しました。データが失われているかもしれません。
C:\3DGEAM\3DGame\DataLoader.cpp(65,39): warning C4267: '=': 'size_t' から 'int' に変換しました。データが失われているかもしれません。
C:\3DGEAM\3DGame\DataLoader.cpp(68,21): warning C4267: '=': 'size_t' から 'int' に変換しました。データが失われているかもしれません。
C:\3DGEAM\3DGame\DataLoader.h(16,2): error C3511: 'DataLoader::Data': デリゲート コンストラクターの呼び出しだけをメンバー初期化子にする必要があります
C:\3DGEAM\3DGame\DataLoader.h(16,2): message : コンパイラでのこの診断により関数 'DataLoader::Data::Data(const DataLoader::Data &)' が生成されました。
C:\Program Files\Microsoft Visual Studio\2022\Community\VC\Tools\MSVC\14.34.31933\include\utility(175,5): message : 関数 'DataLoader::Data::Data(const DataLoader::Data &)' のリファレンスをご覧ください
C:\3DGEAM\3DGame\DataLoader.h(16,2): error C2665: 'DataLoader::Data::Data': オーバーロードされた関数ですべての引数の型を変換できませんでした
C:\3DGEAM\3DGame\DataLoader.h(16,2): message : 'DataLoader::Data::Data(DataLoader::Data &&)' の可能性があります
C:\3DGEAM\3DGame\DataLoader.h(16,2): message : 'DataLoader::Data::Data(DataLoader::Data &&)': 引数 1 を 'const std::vector<int,std::allocator<int>>' から 'DataLoader::Data &&' へ変換できません。
C:\3DGEAM\3DGame\DataLoader.h(16,2): message : 理由: 'const std::vector<int,std::allocator<int>>' から 'DataLoader::Data' へは変換できません。
C:\3DGEAM\3DGame\DataLoader.h(16,2): message : この変換を実行可能なユーザー定義変換演算子がないか、または演算子を呼び出せません。
C:\3DGEAM\3DGame\DataLoader.h(16,2): message : または 'DataLoader::Data::Data(const DataLoader::Data &)'
C:\3DGEAM\3DGame\DataLoader.h(16,2): message : 'DataLoader::Data::Data(const DataLoader::Data &)': 引数 1 を 'const std::vector<int,std::allocator<int>>' から 'const DataLoader::Data &' へ変換できません。
C:\3DGEAM\3DGame\DataLoader.h(16,2): message : 理由: 'const std::vector<int,std::allocator<int>>' から 'const DataLoader::Data' へは変換できません。
C:\3DGEAM\3DGame\DataLoader.h(16,2): message : この変換を実行可能なユーザー定義変換演算子がないか、または演算子を呼び出せません。
C:\3DGEAM\3DGame\DataLoader.h(16,2): message : 引数リスト '(const std::vector<int,std::allocator<int>>)' を一致させようとしているとき
C:\3DGEAM\3DGame\DataLoader.h(16,2): message : コンパイラでのこの診断により関数 'DataLoader::Data::Data(const DataLoader::Data &)' が生成されました。
C:\Program Files\Microsoft Visual Studio\2022\Community\VC\Tools\MSVC\14.34.31933\include\utility(175,5): message : 関数 'DataLoader::Data::Data(const DataLoader::Data &)' のリファレンスをご覧ください
C:\3DGEAM\3DGame\DataLoader.h(16,2): error C2437: 'startPos': 既に初期化されています
C:\3DGEAM\3DGame\DataLoader.h(16,2): message : コンパイラでのこの診断により関数 'DataLoader::Data::Data(const DataLoader::Data &)' が生成されました。
C:\Program Files\Microsoft Visual Studio\2022\Community\VC\Tools\MSVC\14.34.31933\include\utility(175,5): message : 関数 'DataLoader::Data::Data(const DataLoader::Data &)' のリファレンスをご覧ください
C:\3DGEAM\3DGame\DataLoader.h(16,2): error C2437: 'speed': 既に初期化されています
C:\3DGEAM\3DGame\DataLoader.h(16,2): message : コンパイラでのこの診断により関数 'DataLoader::Data::Data(const DataLoader::Data &)' が生成されました。
C:\Program Files\Microsoft Visual Studio\2022\Community\VC\Tools\MSVC\14.34.31933\include\utility(175,5): message : 関数 'DataLoader::Data::Data(const DataLoader::Data &)' のリファレンスをご覧ください
  Player.cpp
C:\3DGEAM\3DGame\DataLoader.h(16,2): error C3511: 'DataLoader::Data': デリゲート コンストラクターの呼び出しだけをメンバー初期化子にする必要があります
C:\3DGEAM\3DGame\DataLoader.h(16,2): message : コンパイラでのこの診断により関数 'DataLoader::Data::Data(const DataLoader::Data &)' が生成されました。
C:\3DGEAM\3DGame\Player.cpp(13,30): message : 関数 'DataLoader::Data::Data(const DataLoader::Data &)' のリファレンスをご覧ください
C:\3DGEAM\3DGame\DataLoader.h(16,2): error C2665: 'DataLoader::Data::Data': オーバーロードされた関数ですべての引数の型を変換できませんでした
C:\3DGEAM\3DGame\DataLoader.h(16,2): message : 'DataLoader::Data::Data(DataLoader::Data &&)' の可能性があります
C:\3DGEAM\3DGame\DataLoader.h(16,2): message : 'DataLoader::Data::Data(DataLoader::Data &&)': 引数 1 を 'const std::vector<int,std::allocator<int>>' から 'DataLoader::Data &&' へ変換できません。
C:\3DGEAM\3DGame\DataLoader.h(16,2): message : 理由: 'const std::vector<int,std::allocator<int>>' から 'DataLoader::Data' へは変換できません。
C:\3DGEAM\3DGame\DataLoader.h(16,2): message : この変換を実行可能なユーザー定義変換演算子がないか、または演算子を呼び出せません。
C:\3DGEAM\3DGame\DataLoader.h(16,2): message : または 'DataLoader::Data::Data(const DataLoader::Data &)'
C:\3DGEAM\3DGame\DataLoader.h(16,2): message : 'DataLoader::Data::Data(const DataLoader::Data &)': 引数 1 を 'const std::vector<int,std::allocator<int>>' から 'const DataLoader::Data &' へ変換できません。
C:\3DGEAM\3DGame\DataLoader.h(16,2): message : 理由: 'const std::vector<int,std::allocator<int>>' から 'const DataLoader::Data' へは変換できません。
C:\3DGEAM\3DGame\DataLoader.h(16,2): message : この変換を実行可能なユーザー定義変換演算子がないか、または演算子を呼び出せません。
C:\3DGEAM\3DGame\DataLoader.h(16,2): message : 引数リスト '(const std::vector<int,std::allocator<int>>)' を一致させようとしているとき
C:\3DGEAM\3DGame\DataLoader.h(16,2): message : コンパイラでのこの診断により関数 'DataLoader::Data::Data(const DataLoader::Data &)' が生成されました。
C:\3DGEAM\3DGame\Player.cpp(13,30): message : 関数 'DataLoader::Data::Data(const DataLoader::Data &)' のリファレンスをご覧ください
C:\3DGEAM\3DGame\DataLoader.h(16,2): error C2437: 'startPos': 既に初期化されています
C:\3DGEAM\3DGame\DataLoader.h(16,2): message : コンパイラでのこの診断により関数 'DataLoader::Data::Data(const DataLoader::Data &)' が生成されました。
C:\3DGEAM\3DGame\Player.cpp(13,30): message : 関数 'DataLoader::Data::Data(const DataLoader::Data &)' のリファレンスをご覧ください
C:\3DGEAM\3DGame\DataLoader.h(16,2): error C2437: 'speed': 既に初期化されています
C:\3DGEAM\3DGame\DataLoader.h(16,2): message : コンパイラでのこの診断により関数 'DataLoader::Data::Data(const DataLoader::Data &)' が生成されました。
C:\3DGEAM\3DGame\Player.cpp(13,30): message : 関数 'DataLoader::Data::Data(const DataLoader::Data &)' のリファレンスをご覧ください
  SceneMain.cpp
C:\3DGEAM\3DGame\DataLoader.h(16,2): error C3511: 'DataLoader::Data': デリゲート コンストラクターの呼び出しだけをメンバー初期化子にする必要があります
C:\3DGEAM\3DGame\DataLoader.h(16,2): message : コンパイラでのこの診断により関数 'DataLoader::Data::Data(const DataLoader::Data &)' が生成されました。
C:\Program Files\Microsoft Visual Studio\2022\Community\VC\Tools\MSVC\14.34.31933\include\utility(175,5): message : 関数 'DataLoader::Data::Data(const DataLoader::Data &)' のリファレンスをご覧ください
C:\3DGEAM\3DGame\DataLoader.h(16,2): error C2665: 'DataLoader::Data::Data': オーバーロードされた関数ですべての引数の型を変換できませんでした
C:\3DGEAM\3DGame\DataLoader.h(16,2): message : 'DataLoader::Data::Data(DataLoader::Data &&)' の可能性があります
C:\3DGEAM\3DGame\DataLoader.h(16,2): message : 'DataLoader::Data::Data(DataLoader::Data &&)': 引数 1 を 'const std::vector<int,std::allocator<int>>' から 'DataLoader::Data &&' へ変換できません。
C:\3DGEAM\3DGame\DataLoader.h(16,2): message : 理由: 'const std::vector<int,std::allocator<int>>' から 'DataLoader::Data' へは変換できません。
C:\3DGEAM\3DGame\DataLoader.h(16,2): message : この変換を実行可能なユーザー定義変換演算子がないか、または演算子を呼び出せません。
C:\3DGEAM\3DGame\DataLoader.h(16,2): message : または 'DataLoader::Data::Data(const DataLoader::Data &)'
C:\3DGEAM\3DGame\DataLoader.h(16,2): message : 'DataLoader::Data::Data(const DataLoader::Data &)': 引数 1 を 'const std::vector<int,std::allocator<int>>' から 'const DataLoader::Data &' へ変換できません。
C:\3DGEAM\3DGame\DataLoader.h(16,2): message : 理由: 'const std::vector<int,std::allocator<int>>' から 'const DataLoader::Data' へは変換できません。
C:\3DGEAM\3DGame\DataLoader.h(16,2): message : この変換を実行可能なユーザー定義変換演算子がないか、または演算子を呼び出せません。
C:\3DGEAM\3DGame\DataLoader.h(16,2): message : 引数リスト '(const std::vector<int,std::allocator<int>>)' を一致させようとしているとき
C:\3DGEAM\3DGame\DataLoader.h(16,2): message : コンパイラでのこの診断により関数 'DataLoader::Data::Data(const DataLoader::Data &)' が生成されました。
C:\Program Files\Microsoft Visual Studio\2022\Community\VC\Tools\MSVC\14.34.31933\include\utility(175,5): message : 関数 'DataLoader::Data::Data(const DataLoader::Data &)' のリファレンスをご覧ください
C:\3DGEAM\3DGame\DataLoader.h(16,2): error C2437: 'startPos': 既に初期化されています
C:\3DGEAM\3DGame\DataLoader.h(16,2): message : コンパイラでのこの診断により関数 'DataLoader::Data::Data(const DataLoader::Data &)' が生成されました。
C:\Program Files\Microsoft Visual Studio\2022\Community\VC\Tools\MSVC\14.34.31933\include\utility(175,5): message : 関数 'DataLoader::Data::Data(const DataLoader::Data &)' のリファレンスをご覧ください
C:\3DGEAM\3DGame\DataLoader.h(16,2): error C2437: 'speed': 既に初期化されています
C:\3DGEAM\3DGame\DataLoader.h(16,2): message : コンパイラでのこの診断により関数 'DataLoader::Data::Data(const DataLoader::Data &)' が生成されました。
C:\Program Files\Microsoft Visual Studio\2022\Community\VC\Tools\MSVC\14.34.31933\include\utility(175,5): message : 関数 'DataLoader::Data::Data(const DataLoader::Data &)' のリファレンスをご覧ください
  コードを生成中...
