  Bee.cpp
  Bg.cpp
  Camera.cpp
  EnemyBase.cpp
  EnemyManager.cpp
  main.cpp
D:\study\3DGames\EnemyManager.cpp(23,22): warning C4244: '引数': 'int' から 'float' への変換です。データが失われる可能性があります。
  Map.cpp
  Pad.cpp
  Player.cpp
  Rect.cpp
  SceneBase.cpp
  SceneGame.cpp
  SceneManager.cpp
  SceneResult.cpp
  SceneTitle.cpp
  Slime.cpp
  Timer.cpp
  コードを生成中...
  LINK : 前回のインクリメンタル リンクで D:\study\3DGames\x64\Debug\3DGames.exe が見つからなかったか、ビルドされませんでした。フル リンクを行います。
  3DGames.vcxproj -> D:\study\3DGames\x64\Debug\3DGames.exe
